Using pre-set license
Built from '2020.3/release' branch; Version is '2020.3.2f1 (8fd9074bf66c) revision 9427207'; Using compiler version '192528614'; Build Type 'Release'
OS: 'Windows 10 Pro; OS build 19041.450; Version 2004; 64bit' Language: 'en' Physical Memory: 8066 MB
BatchMode: 1, IsHumanControllingUs: 0, StartBugReporterOnCrash: 0, Is64bit: 1, IsPro: 0

 COMMAND LINE ARGUMENTS:
C:\Program Files\Unity\Hub\Editor\2020.3.2f1\Editor\Unity.exe
-adb2
-batchMode
-noUpm
-name
AssetImportWorker0
-projectPath
G:/CS/Level 3/Second Semester/Computer Graphics/Blender/Stick Man Fight
-logFile
Logs/AssetImportWorker0.log
-srvPort
3677
Successfully changed project path to: G:/CS/Level 3/Second Semester/Computer Graphics/Blender/Stick Man Fight
G:/CS/Level 3/Second Semester/Computer Graphics/Blender/Stick Man Fight
Using Asset Import Pipeline V2.
Refreshing native plugins compatible for Editor in 39.44 ms, found 1 plugins.
Preloading 0 native plugins for Editor in 0.00 ms.
Initialize engine version: 2020.3.2f1 (8fd9074bf66c)
[Subsystems] Discovering subsystems at path C:/Program Files/Unity/Hub/Editor/2020.3.2f1/Editor/Data/Resources/UnitySubsystems
[Subsystems] Discovering subsystems at path G:/CS/Level 3/Second Semester/Computer Graphics/Blender/Stick Man Fight/Assets
GfxDevice: creating device client; threaded=0
Direct3D:
    Version:  Direct3D 11.0 [level 11.1]
    Renderer: NVIDIA GeForce MX150 (ID=0x1d10)
    Vendor:   
    VRAM:     4027 MB
    Driver:   27.21.14.6627
Shader 'WFX/Transparent Specular': fallback shader 'Particles/Alpha Blended' not found
Shader 'WFX/Transparent Diffuse': fallback shader 'Particles/Alpha Blended' not found
Initialize mono
Mono path[0] = 'C:/Program Files/Unity/Hub/Editor/2020.3.2f1/Editor/Data/Managed'
Mono path[1] = 'C:/Program Files/Unity/Hub/Editor/2020.3.2f1/Editor/Data/MonoBleedingEdge/lib/mono/unityjit'
Mono config path = 'C:/Program Files/Unity/Hub/Editor/2020.3.2f1/Editor/Data/MonoBleedingEdge/etc'
Using monoOptions --debugger-agent=transport=dt_socket,embedding=1,server=y,suspend=n,address=127.0.0.1:56868
Begin MonoManager ReloadAssembly
Registering precompiled unity dll's ...
Register platform support module: C:/Program Files/Unity/Hub/Editor/2020.3.2f1/Editor/Data/PlaybackEngines/WindowsStandaloneSupport/UnityEditor.WindowsStandalone.Extensions.dll
Registered in 0.004923 seconds.
Native extension for WindowsStandalone target not found
Refreshing native plugins compatible for Editor in 56.38 ms, found 1 plugins.
Preloading 0 native plugins for Editor in 0.00 ms.
Invoked RoslynAnalysisRunner static constructor.
RoslynAnalysisRunner will not be running.
RoslynAnalysisRunner has terminated.
Mono: successfully reloaded assembly
- Completed reload, in  3.890 seconds
Platform modules already initialized, skipping
Registering precompiled user dll's ...
Registered in 0.000725 seconds.
Begin MonoManager ReloadAssembly
Native extension for WindowsStandalone target not found
Refreshing native plugins compatible for Editor in 83.04 ms, found 1 plugins.
Preloading 0 native plugins for Editor in 0.00 ms.
Invoked RoslynAnalysisRunner static constructor.
RoslynAnalysisRunner will not be running.
RoslynAnalysisRunner has terminated.
Mono: successfully reloaded assembly
- Completed reload, in  1.990 seconds
Platform modules already initialized, skipping
========================================================================
Worker process is ready to serve import requests
Shader 'WFX/Transparent Diffuse': fallback shader 'Particles/Alpha Blended' not found
Shader 'WFX/Transparent Specular': fallback shader 'Particles/Alpha Blended' not found
Launched and connected shader compiler UnityShaderCompiler.exe after 0.10 seconds
Refreshing native plugins compatible for Editor in 1.09 ms, found 1 plugins.
Preloading 0 native plugins for Editor in 0.00 ms.
Unloading 1875 Unused Serialized files (Serialized files now loaded: 0)
System memory in use before: 159.7 MB.
System memory in use after: 159.7 MB.

Unloading 24 unused Assets to reduce memory usage. Loaded Objects now: 2326.
Total: 3.806300 ms (FindLiveObjects: 0.300200 ms CreateObjectMapping: 0.149100 ms MarkObjects: 3.119200 ms  DeleteObjects: 0.236000 ms)

========================================================================
Received Import Request.
  path: Assets/Sprite/enemy.png
  artifactKey: Guid(a771ee18f7c959449b3152eec2ac78a6) Importer(815301076,1909f56bfc062723c751e8b465ee728b)
Start importing Assets/Sprite/enemy.png using Guid(a771ee18f7c959449b3152eec2ac78a6) Importer(815301076,1909f56bfc062723c751e8b465ee728b)  -> (artifact id: 'f2da2182efe3ffeafb0771993827f3da') in 0.274164 seconds
  Import took 0.279848 seconds .

========================================================================
Received Import Request.
  Time since last request: 471.746924 seconds.
  path: Assets/Prefabs/Enemy.prefab
  artifactKey: Guid(0baad2a58ac9f7145b5b71691b73aea3) Importer(815301076,1909f56bfc062723c751e8b465ee728b)
Start importing Assets/Prefabs/Enemy.prefab using Guid(0baad2a58ac9f7145b5b71691b73aea3) Importer(815301076,1909f56bfc062723c751e8b465ee728b)  -> (artifact id: '04f1b8fd6276b5cfcd9a27143875dad9') in 0.067095 seconds
  Import took 0.089953 seconds .

========================================================================
Received Import Request.
  Time since last request: 66.808250 seconds.
  path: Assets/Prefabs/Enemy.prefab
  artifactKey: Guid(0baad2a58ac9f7145b5b71691b73aea3) Importer(815301076,1909f56bfc062723c751e8b465ee728b)
Start importing Assets/Prefabs/Enemy.prefab using Guid(0baad2a58ac9f7145b5b71691b73aea3) Importer(815301076,1909f56bfc062723c751e8b465ee728b)  -> (artifact id: '593659838c55917985d6d4596b39dbde') in 0.014849 seconds
  Import took 0.096874 seconds .

========================================================================
Received Prepare
Registering precompiled user dll's ...
Registered in 0.001452 seconds.
Begin MonoManager ReloadAssembly
Native extension for WindowsStandalone target not found
Refreshing native plugins compatible for Editor in 0.64 ms, found 1 plugins.
Preloading 0 native plugins for Editor in 0.00 ms.
Invoked RoslynAnalysisRunner static constructor.
RoslynAnalysisRunner will not be running.
RoslynAnalysisRunner has terminated.
Mono: successfully reloaded assembly
- Completed reload, in  1.724 seconds
Platform modules already initialized, skipping
Shader 'WFX/Transparent Diffuse': fallback shader 'Particles/Alpha Blended' not found
Shader 'WFX/Transparent Specular': fallback shader 'Particles/Alpha Blended' not found
Refreshing native plugins compatible for Editor in 0.70 ms, found 1 plugins.
Preloading 0 native plugins for Editor in 0.00 ms.
Unloading 1859 Unused Serialized files (Serialized files now loaded: 0)
System memory in use before: 161.7 MB.
System memory in use after: 161.7 MB.

Unloading 12 unused Assets to reduce memory usage. Loaded Objects now: 2340.
Total: 3.837000 ms (FindLiveObjects: 0.285900 ms CreateObjectMapping: 0.130200 ms MarkObjects: 3.211000 ms  DeleteObjects: 0.207600 ms)

========================================================================
Received Import Request.
  Time since last request: 146.280087 seconds.
  path: Assets/Prefabs/Enemy.prefab
  artifactKey: Guid(0baad2a58ac9f7145b5b71691b73aea3) Importer(815301076,1909f56bfc062723c751e8b465ee728b)
Start importing Assets/Prefabs/Enemy.prefab using Guid(0baad2a58ac9f7145b5b71691b73aea3) Importer(815301076,1909f56bfc062723c751e8b465ee728b)  -> (artifact id: 'b59af1c75f39c474876e4078f582a040') in 0.114792 seconds
  Import took 1.177418 seconds .

========================================================================
Received Import Request.
  Time since last request: 0.167810 seconds.
  path: Assets/Prefabs/Enemy.prefab
  artifactKey: Guid(0baad2a58ac9f7145b5b71691b73aea3) Importer(815301076,1909f56bfc062723c751e8b465ee728b)
Start importing Assets/Prefabs/Enemy.prefab using Guid(0baad2a58ac9f7145b5b71691b73aea3) Importer(815301076,1909f56bfc062723c751e8b465ee728b)  -> (artifact id: '4f709da1e7d3d94116923ac25a5dfe4e') in 0.016891 seconds
  Import took 0.209932 seconds .

========================================================================
Received Import Request.
  Time since last request: 3.926855 seconds.
  path: Assets/Prefabs/Enemy.prefab
  artifactKey: Guid(0baad2a58ac9f7145b5b71691b73aea3) Importer(815301076,1909f56bfc062723c751e8b465ee728b)
Start importing Assets/Prefabs/Enemy.prefab using Guid(0baad2a58ac9f7145b5b71691b73aea3) Importer(815301076,1909f56bfc062723c751e8b465ee728b)  -> (artifact id: 'd6de0db4a66f77db3b699b387176e3b8') in 0.017784 seconds
  Import took 0.047343 seconds .

========================================================================
Received Import Request.
  Time since last request: 6.061677 seconds.
  path: Assets/Prefabs/Enemy.prefab
  artifactKey: Guid(0baad2a58ac9f7145b5b71691b73aea3) Importer(815301076,1909f56bfc062723c751e8b465ee728b)
Start importing Assets/Prefabs/Enemy.prefab using Guid(0baad2a58ac9f7145b5b71691b73aea3) Importer(815301076,1909f56bfc062723c751e8b465ee728b)  -> (artifact id: 'fec8ca7abccc0c1c1af72434a0d1ccb7') in 0.016606 seconds
  Import took 0.038031 seconds .

========================================================================
Received Import Request.
  Time since last request: 5.169001 seconds.
  path: Assets/Prefabs/Enemy.prefab
  artifactKey: Guid(0baad2a58ac9f7145b5b71691b73aea3) Importer(815301076,1909f56bfc062723c751e8b465ee728b)
Start importing Assets/Prefabs/Enemy.prefab using Guid(0baad2a58ac9f7145b5b71691b73aea3) Importer(815301076,1909f56bfc062723c751e8b465ee728b)  -> (artifact id: '0ddbd0c11cc96c252c9602a882614604') in 0.011392 seconds
  Import took 0.049874 seconds .

========================================================================
Received Prepare
Registering precompiled user dll's ...
Registered in 0.001483 seconds.
Begin MonoManager ReloadAssembly
Native extension for WindowsStandalone target not found
Refreshing native plugins compatible for Editor in 0.65 ms, found 1 plugins.
Preloading 0 native plugins for Editor in 0.00 ms.
Invoked RoslynAnalysisRunner static constructor.
RoslynAnalysisRunner will not be running.
RoslynAnalysisRunner has terminated.
Mono: successfully reloaded assembly
- Completed reload, in  1.698 seconds
Platform modules already initialized, skipping
Shader 'WFX/Transparent Diffuse': fallback shader 'Particles/Alpha Blended' not found
Shader 'WFX/Transparent Specular': fallback shader 'Particles/Alpha Blended' not found
Refreshing native plugins compatible for Editor in 0.67 ms, found 1 plugins.
Preloading 0 native plugins for Editor in 0.00 ms.
Unloading 1859 Unused Serialized files (Serialized files now loaded: 0)
System memory in use before: 161.8 MB.
System memory in use after: 161.8 MB.

Unloading 12 unused Assets to reduce memory usage. Loaded Objects now: 2345.
Total: 3.713000 ms (FindLiveObjects: 0.287100 ms CreateObjectMapping: 0.124300 ms MarkObjects: 3.115500 ms  DeleteObjects: 0.184200 ms)

========================================================================
Received Import Request.
  Time since last request: 29.855573 seconds.
  path: Assets/Prefabs/Enemy.prefab
  artifactKey: Guid(0baad2a58ac9f7145b5b71691b73aea3) Importer(815301076,1909f56bfc062723c751e8b465ee728b)
Start importing Assets/Prefabs/Enemy.prefab using Guid(0baad2a58ac9f7145b5b71691b73aea3) Importer(815301076,1909f56bfc062723c751e8b465ee728b)  -> (artifact id: 'edc880e23004fbdd950050a3d2f32d47') in 0.124407 seconds
  Import took 0.250184 seconds .

========================================================================
Received Import Request.
  Time since last request: 4.808585 seconds.
  path: Assets/Prefabs/Enemy.prefab
  artifactKey: Guid(0baad2a58ac9f7145b5b71691b73aea3) Importer(815301076,1909f56bfc062723c751e8b465ee728b)
Start importing Assets/Prefabs/Enemy.prefab using Guid(0baad2a58ac9f7145b5b71691b73aea3) Importer(815301076,1909f56bfc062723c751e8b465ee728b)  -> (artifact id: '91f41d17a80432eae9015af40064f1d0') in 0.035421 seconds
  Import took 0.054697 seconds .

========================================================================
Received Import Request.
  Time since last request: 6.396113 seconds.
  path: Assets/Prefabs/Enemy.prefab
  artifactKey: Guid(0baad2a58ac9f7145b5b71691b73aea3) Importer(815301076,1909f56bfc062723c751e8b465ee728b)
Start importing Assets/Prefabs/Enemy.prefab using Guid(0baad2a58ac9f7145b5b71691b73aea3) Importer(815301076,1909f56bfc062723c751e8b465ee728b)  -> (artifact id: 'e89167c3f6e76f80aeb26b46b34073ff') in 0.037080 seconds
  Import took 0.125386 seconds .

========================================================================
Received Import Request.
  Time since last request: 2.281096 seconds.
  path: Assets/Prefabs/Enemy.prefab
  artifactKey: Guid(0baad2a58ac9f7145b5b71691b73aea3) Importer(815301076,1909f56bfc062723c751e8b465ee728b)
Start importing Assets/Prefabs/Enemy.prefab using Guid(0baad2a58ac9f7145b5b71691b73aea3) Importer(815301076,1909f56bfc062723c751e8b465ee728b)  -> (artifact id: '83aba6523c7ab92c0b85d98c37aa0ea7') in 0.041866 seconds
  Import took 0.091470 seconds .

========================================================================
Received Import Request.
  Time since last request: 4.265995 seconds.
  path: Assets/Prefabs/Enemy.prefab
  artifactKey: Guid(0baad2a58ac9f7145b5b71691b73aea3) Importer(815301076,1909f56bfc062723c751e8b465ee728b)
Start importing Assets/Prefabs/Enemy.prefab using Guid(0baad2a58ac9f7145b5b71691b73aea3) Importer(815301076,1909f56bfc062723c751e8b465ee728b)  -> (artifact id: '1aa09aee263715975f0f1cc092451b0e') in 0.035426 seconds
  Import took 0.063751 seconds .

========================================================================
Received Import Request.
  Time since last request: 2.320312 seconds.
  path: Assets/Prefabs/Enemy.prefab
  artifactKey: Guid(0baad2a58ac9f7145b5b71691b73aea3) Importer(815301076,1909f56bfc062723c751e8b465ee728b)
Start importing Assets/Prefabs/Enemy.prefab using Guid(0baad2a58ac9f7145b5b71691b73aea3) Importer(815301076,1909f56bfc062723c751e8b465ee728b)  -> (artifact id: '47e6252d5730e1d8d68d5fce93cd31b3') in 0.039200 seconds
  Import took 0.044979 seconds .

========================================================================
Received Import Request.
  Time since last request: 3.211402 seconds.
  path: Assets/Prefabs/Enemy.prefab
  artifactKey: Guid(0baad2a58ac9f7145b5b71691b73aea3) Importer(815301076,1909f56bfc062723c751e8b465ee728b)
Start importing Assets/Prefabs/Enemy.prefab using Guid(0baad2a58ac9f7145b5b71691b73aea3) Importer(815301076,1909f56bfc062723c751e8b465ee728b)  -> (artifact id: 'c68d61af0a9616dda00cc5bc079323ac') in 0.032719 seconds
  Import took 0.141959 seconds .

========================================================================
Received Import Request.
  Time since last request: 11.574288 seconds.
  path: Assets/Prefabs/Enemy.prefab
  artifactKey: Guid(0baad2a58ac9f7145b5b71691b73aea3) Importer(815301076,1909f56bfc062723c751e8b465ee728b)
Start importing Assets/Prefabs/Enemy.prefab using Guid(0baad2a58ac9f7145b5b71691b73aea3) Importer(815301076,1909f56bfc062723c751e8b465ee728b)  -> (artifact id: '39f19f1acdb6b085e916569f25990b05') in 0.020251 seconds
  Import took 0.032225 seconds .

========================================================================
Received Import Request.
  Time since last request: 5.488094 seconds.
  path: Assets/Prefabs/Enemy.prefab
  artifactKey: Guid(0baad2a58ac9f7145b5b71691b73aea3) Importer(815301076,1909f56bfc062723c751e8b465ee728b)
Start importing Assets/Prefabs/Enemy.prefab using Guid(0baad2a58ac9f7145b5b71691b73aea3) Importer(815301076,1909f56bfc062723c751e8b465ee728b)  -> (artifact id: '71b47e35b62fabad1626b078ba120d14') in 0.022485 seconds
  Import took 0.033928 seconds .

========================================================================
Received Prepare
Registering precompiled user dll's ...
Registered in 0.000893 seconds.
Begin MonoManager ReloadAssembly
Native extension for WindowsStandalone target not found
Refreshing native plugins compatible for Editor in 0.71 ms, found 1 plugins.
Preloading 0 native plugins for Editor in 0.00 ms.
Invoked RoslynAnalysisRunner static constructor.
RoslynAnalysisRunner will not be running.
RoslynAnalysisRunner has terminated.
Mono: successfully reloaded assembly
- Completed reload, in  1.869 seconds
Platform modules already initialized, skipping
Shader 'WFX/Transparent Diffuse': fallback shader 'Particles/Alpha Blended' not found
Shader 'WFX/Transparent Specular': fallback shader 'Particles/Alpha Blended' not found
Refreshing native plugins compatible for Editor in 0.63 ms, found 1 plugins.
Preloading 0 native plugins for Editor in 0.00 ms.
Unloading 1859 Unused Serialized files (Serialized files now loaded: 0)
System memory in use before: 161.8 MB.
System memory in use after: 161.8 MB.

Unloading 12 unused Assets to reduce memory usage. Loaded Objects now: 2350.
Total: 3.994300 ms (FindLiveObjects: 0.331200 ms CreateObjectMapping: 0.127000 ms MarkObjects: 3.199500 ms  DeleteObjects: 0.334500 ms)

========================================================================
Received Import Request.
  Time since last request: 721.176635 seconds.
  path: ProjectSettings/TagManager.asset
  artifactKey: Guid(00000000000000003000000000000000) Importer(815301076,1909f56bfc062723c751e8b465ee728b)
Start importing ProjectSettings/TagManager.asset using Guid(00000000000000003000000000000000) Importer(815301076,1909f56bfc062723c751e8b465ee728b)  -> (artifact id: '7909598f95c486e38f3d7f4572930324') in 0.021324 seconds
  Import took 0.035633 seconds .

========================================================================
Received Prepare
Registering precompiled user dll's ...
Registered in 0.001489 seconds.
Begin MonoManager ReloadAssembly
Native extension for WindowsStandalone target not found
Refreshing native plugins compatible for Editor in 0.65 ms, found 1 plugins.
Preloading 0 native plugins for Editor in 0.00 ms.
Invoked RoslynAnalysisRunner static constructor.
RoslynAnalysisRunner will not be running.
RoslynAnalysisRunner has terminated.
Mono: successfully reloaded assembly
- Completed reload, in  1.642 seconds
Platform modules already initialized, skipping
Shader 'WFX/Transparent Diffuse': fallback shader 'Particles/Alpha Blended' not found
Shader 'WFX/Transparent Specular': fallback shader 'Particles/Alpha Blended' not found
Refreshing native plugins compatible for Editor in 0.39 ms, found 1 plugins.
Preloading 0 native plugins for Editor in 0.00 ms.
Unloading 1859 Unused Serialized files (Serialized files now loaded: 0)
System memory in use before: 161.8 MB.
System memory in use after: 161.8 MB.

Unloading 13 unused Assets to reduce memory usage. Loaded Objects now: 2354.
Total: 7.160100 ms (FindLiveObjects: 0.516000 ms CreateObjectMapping: 0.196400 ms MarkObjects: 6.127400 ms  DeleteObjects: 0.316700 ms)

========================================================================
Received Import Request.
  Time since last request: 131.409984 seconds.
  path: Assets/Scenes/WinningScene.unity
  artifactKey: Guid(595fc0b3ad9b65d45b7e1579416e4492) Importer(815301076,1909f56bfc062723c751e8b465ee728b)
Start importing Assets/Scenes/WinningScene.unity using Guid(595fc0b3ad9b65d45b7e1579416e4492) Importer(815301076,1909f56bfc062723c751e8b465ee728b)  -> (artifact id: '98cbaaf2a56cb2d067245808defcb502') in 0.034441 seconds
  Import took 0.146237 seconds .

========================================================================
Received Prepare
Registering precompiled user dll's ...
Registered in 0.001428 seconds.
Begin MonoManager ReloadAssembly
Native extension for WindowsStandalone target not found
Refreshing native plugins compatible for Editor in 0.63 ms, found 1 plugins.
Preloading 0 native plugins for Editor in 0.00 ms.
Invoked RoslynAnalysisRunner static constructor.
RoslynAnalysisRunner will not be running.
RoslynAnalysisRunner has terminated.
Mono: successfully reloaded assembly
- Completed reload, in  1.684 seconds
Platform modules already initialized, skipping
Shader 'WFX/Transparent Diffuse': fallback shader 'Particles/Alpha Blended' not found
Shader 'WFX/Transparent Specular': fallback shader 'Particles/Alpha Blended' not found
Refreshing native plugins compatible for Editor in 0.72 ms, found 1 plugins.
Preloading 0 native plugins for Editor in 0.00 ms.
Unloading 1859 Unused Serialized files (Serialized files now loaded: 0)
System memory in use before: 161.9 MB.
System memory in use after: 161.8 MB.

Unloading 12 unused Assets to reduce memory usage. Loaded Objects now: 2358.
Total: 4.154300 ms (FindLiveObjects: 0.470600 ms CreateObjectMapping: 0.226000 ms MarkObjects: 3.262400 ms  DeleteObjects: 0.192800 ms)

========================================================================
Received Import Request.
  Time since last request: 120.902821 seconds.
  path: Assets/Scenes/FirstScene.unity
  artifactKey: Guid(2cda990e2423bbf4892e6590ba056729) Importer(815301076,1909f56bfc062723c751e8b465ee728b)
Start importing Assets/Scenes/FirstScene.unity using Guid(2cda990e2423bbf4892e6590ba056729) Importer(815301076,1909f56bfc062723c751e8b465ee728b)  -> (artifact id: '442a69b70fb0e6ff4e4719ba018cc600') in 0.023457 seconds
  Import took 0.362410 seconds .

========================================================================
Received Import Request.
  Time since last request: 65.367129 seconds.
  path: Assets/Sprite/circled-pause.png
  artifactKey: Guid(b25603cd403cf3d40af8f37c557262c4) Importer(815301076,1909f56bfc062723c751e8b465ee728b)
Start importing Assets/Sprite/circled-pause.png using Guid(b25603cd403cf3d40af8f37c557262c4) Importer(815301076,1909f56bfc062723c751e8b465ee728b)  -> (artifact id: 'b167f4baf2452a29430bfb547ca7eb45') in 0.091768 seconds
  Import took 0.114020 seconds .

========================================================================
Received Prepare
Registering precompiled user dll's ...
Registered in 0.001488 seconds.
Begin MonoManager ReloadAssembly
Native extension for WindowsStandalone target not found
Refreshing native plugins compatible for Editor in 0.68 ms, found 1 plugins.
Preloading 0 native plugins for Editor in 0.00 ms.
Invoked RoslynAnalysisRunner static constructor.
RoslynAnalysisRunner will not be running.
RoslynAnalysisRunner has terminated.
Mono: successfully reloaded assembly
- Completed reload, in  1.710 seconds
Platform modules already initialized, skipping
Shader 'WFX/Transparent Diffuse': fallback shader 'Particles/Alpha Blended' not found
Shader 'WFX/Transparent Specular': fallback shader 'Particles/Alpha Blended' not found
Refreshing native plugins compatible for Editor in 0.43 ms, found 1 plugins.
Preloading 0 native plugins for Editor in 0.00 ms.
Unloading 1859 Unused Serialized files (Serialized files now loaded: 0)
System memory in use before: 161.9 MB.
System memory in use after: 161.9 MB.

Unloading 12 unused Assets to reduce memory usage. Loaded Objects now: 2364.
Total: 2.872200 ms (FindLiveObjects: 0.705500 ms CreateObjectMapping: 0.263100 ms MarkObjects: 1.774500 ms  DeleteObjects: 0.127300 ms)

========================================================================
Received Prepare
Registering precompiled user dll's ...
Registered in 0.001663 seconds.
Begin MonoManager ReloadAssembly
Native extension for WindowsStandalone target not found
Refreshing native plugins compatible for Editor in 0.65 ms, found 1 plugins.
Preloading 0 native plugins for Editor in 0.00 ms.
Invoked RoslynAnalysisRunner static constructor.
RoslynAnalysisRunner will not be running.
RoslynAnalysisRunner has terminated.
Mono: successfully reloaded assembly
- Completed reload, in  1.816 seconds
Platform modules already initialized, skipping
Shader 'WFX/Transparent Diffuse': fallback shader 'Particles/Alpha Blended' not found
Shader 'WFX/Transparent Specular': fallback shader 'Particles/Alpha Blended' not found
Refreshing native plugins compatible for Editor in 0.69 ms, found 1 plugins.
Preloading 0 native plugins for Editor in 0.00 ms.
Unloading 1859 Unused Serialized files (Serialized files now loaded: 0)
System memory in use before: 161.9 MB.
System memory in use after: 161.9 MB.

Unloading 12 unused Assets to reduce memory usage. Loaded Objects now: 2368.
Total: 5.682400 ms (FindLiveObjects: 0.520100 ms CreateObjectMapping: 0.277900 ms MarkObjects: 4.489100 ms  DeleteObjects: 0.392600 ms)

========================================================================
Received Prepare
Registering precompiled user dll's ...
Registered in 0.001396 seconds.
Begin MonoManager ReloadAssembly
Native extension for WindowsStandalone target not found
Refreshing native plugins compatible for Editor in 0.88 ms, found 1 plugins.
Preloading 0 native plugins for Editor in 0.00 ms.
Invoked RoslynAnalysisRunner static constructor.
RoslynAnalysisRunner will not be running.
RoslynAnalysisRunner has terminated.
Mono: successfully reloaded assembly
- Completed reload, in  1.665 seconds
Platform modules already initialized, skipping
Shader 'WFX/Transparent Diffuse': fallback shader 'Particles/Alpha Blended' not found
Shader 'WFX/Transparent Specular': fallback shader 'Particles/Alpha Blended' not found
Refreshing native plugins compatible for Editor in 0.84 ms, found 1 plugins.
Preloading 0 native plugins for Editor in 0.00 ms.
Unloading 1859 Unused Serialized files (Serialized files now loaded: 0)
System memory in use before: 161.9 MB.
System memory in use after: 161.9 MB.

Unloading 12 unused Assets to reduce memory usage. Loaded Objects now: 2372.
Total: 4.395200 ms (FindLiveObjects: 0.512700 ms CreateObjectMapping: 0.193700 ms MarkObjects: 3.497000 ms  DeleteObjects: 0.189900 ms)

========================================================================
Received Prepare
Registering precompiled user dll's ...
Registered in 0.001677 seconds.
Begin MonoManager ReloadAssembly
Native extension for WindowsStandalone target not found
Refreshing native plugins compatible for Editor in 0.75 ms, found 1 plugins.
Preloading 0 native plugins for Editor in 0.00 ms.
Invoked RoslynAnalysisRunner static constructor.
RoslynAnalysisRunner will not be running.
RoslynAnalysisRunner has terminated.
Mono: successfully reloaded assembly
- Completed reload, in  1.941 seconds
Platform modules already initialized, skipping
Shader 'WFX/Transparent Diffuse': fallback shader 'Particles/Alpha Blended' not found
Shader 'WFX/Transparent Specular': fallback shader 'Particles/Alpha Blended' not found
Refreshing native plugins compatible for Editor in 0.70 ms, found 1 plugins.
Preloading 0 native plugins for Editor in 0.00 ms.
Unloading 1859 Unused Serialized files (Serialized files now loaded: 0)
System memory in use before: 161.9 MB.
System memory in use after: 161.9 MB.

Unloading 12 unused Assets to reduce memory usage. Loaded Objects now: 2376.
Total: 4.055700 ms (FindLiveObjects: 0.554700 ms CreateObjectMapping: 0.257400 ms MarkObjects: 3.045700 ms  DeleteObjects: 0.195700 ms)

========================================================================
Received Prepare
Registering precompiled user dll's ...
Registered in 0.001456 seconds.
Begin MonoManager ReloadAssembly
Native extension for WindowsStandalone target not found
Refreshing native plugins compatible for Editor in 1.60 ms, found 1 plugins.
Preloading 0 native plugins for Editor in 0.00 ms.
Invoked RoslynAnalysisRunner static constructor.
RoslynAnalysisRunner will not be running.
RoslynAnalysisRunner has terminated.
Mono: successfully reloaded assembly
- Completed reload, in  1.945 seconds
Platform modules already initialized, skipping
Shader 'WFX/Transparent Diffuse': fallback shader 'Particles/Alpha Blended' not found
Shader 'WFX/Transparent Specular': fallback shader 'Particles/Alpha Blended' not found
Refreshing native plugins compatible for Editor in 0.65 ms, found 1 plugins.
Preloading 0 native plugins for Editor in 0.00 ms.
Unloading 1859 Unused Serialized files (Serialized files now loaded: 0)
System memory in use before: 161.9 MB.
System memory in use after: 161.9 MB.

Unloading 12 unused Assets to reduce memory usage. Loaded Objects now: 2380.
Total: 5.759700 ms (FindLiveObjects: 0.884100 ms CreateObjectMapping: 0.269500 ms MarkObjects: 4.347400 ms  DeleteObjects: 0.255300 ms)

========================================================================
Received Prepare
Shader 'WFX/Transparent Diffuse': fallback shader 'Particles/Alpha Blended' not found
Shader 'WFX/Transparent Specular': fallback shader 'Particles/Alpha Blended' not found
Refreshing native plugins compatible for Editor in 2.69 ms, found 1 plugins.
Preloading 0 native plugins for Editor in 0.00 ms.
Unloading 10 Unused Serialized files (Serialized files now loaded: 0)
System memory in use before: 125.4 MB.
System memory in use after: 125.4 MB.

Unloading 10 unused Assets to reduce memory usage. Loaded Objects now: 2380.
Total: 9.866800 ms (FindLiveObjects: 0.608400 ms CreateObjectMapping: 0.283700 ms MarkObjects: 8.574000 ms  DeleteObjects: 0.397300 ms)

========================================================================
Received Import Request.
  Time since last request: 842.385966 seconds.
  path: Assets/Scenes/FirstScene.unity
  artifactKey: Guid(2cda990e2423bbf4892e6590ba056729) Importer(815301076,1909f56bfc062723c751e8b465ee728b)
Start importing Assets/Scenes/FirstScene.unity using Guid(2cda990e2423bbf4892e6590ba056729) Importer(815301076,1909f56bfc062723c751e8b465ee728b)  -> (artifact id: 'b294f5b581f67fdbd819f8c5105fdcef') in 0.018316 seconds
  Import took 0.151575 seconds .

========================================================================
Received Prepare
Shader 'WFX/Transparent Specular': fallback shader 'Particles/Alpha Blended' not found
Shader 'WFX/Transparent Diffuse': fallback shader 'Particles/Alpha Blended' not found
Refreshing native plugins compatible for Editor in 2.53 ms, found 1 plugins.
Preloading 0 native plugins for Editor in 0.00 ms.
Unloading 10 Unused Serialized files (Serialized files now loaded: 0)
System memory in use before: 125.4 MB.
System memory in use after: 125.4 MB.

Unloading 10 unused Assets to reduce memory usage. Loaded Objects now: 2380.
Total: 4.833700 ms (FindLiveObjects: 0.451700 ms CreateObjectMapping: 0.245500 ms MarkObjects: 3.939100 ms  DeleteObjects: 0.194800 ms)

========================================================================
Received Prepare
Registering precompiled user dll's ...
Registered in 0.001453 seconds.
Begin MonoManager ReloadAssembly
Native extension for WindowsStandalone target not found
Refreshing native plugins compatible for Editor in 1.34 ms, found 1 plugins.
Preloading 0 native plugins for Editor in 0.00 ms.
Invoked RoslynAnalysisRunner static constructor.
RoslynAnalysisRunner will not be running.
RoslynAnalysisRunner has terminated.
Mono: successfully reloaded assembly
- Completed reload, in  7.094 seconds
Platform modules already initialized, skipping
Shader 'WFX/Transparent Specular': fallback shader 'Particles/Alpha Blended' not found
Shader 'WFX/Transparent Diffuse': fallback shader 'Particles/Alpha Blended' not found
Refreshing native plugins compatible for Editor in 0.77 ms, found 1 plugins.
Preloading 0 native plugins for Editor in 0.00 ms.
Unloading 1859 Unused Serialized files (Serialized files now loaded: 0)
System memory in use before: 161.9 MB.
System memory in use after: 161.9 MB.

Unloading 12 unused Assets to reduce memory usage. Loaded Objects now: 2384.
Total: 4.348500 ms (FindLiveObjects: 0.316900 ms CreateObjectMapping: 0.173400 ms MarkObjects: 3.498300 ms  DeleteObjects: 0.357600 ms)

========================================================================
Received Prepare
Shader 'WFX/Transparent Specular': fallback shader 'Particles/Alpha Blended' not found
Shader 'WFX/Transparent Diffuse': fallback shader 'Particles/Alpha Blended' not found
Refreshing native plugins compatible for Editor in 2.59 ms, found 1 plugins.
Preloading 0 native plugins for Editor in 0.00 ms.
Unloading 10 Unused Serialized files (Serialized files now loaded: 0)
System memory in use before: 125.4 MB.
System memory in use after: 125.4 MB.

Unloading 10 unused Assets to reduce memory usage. Loaded Objects now: 2384.
Total: 4.859100 ms (FindLiveObjects: 0.376100 ms CreateObjectMapping: 0.143700 ms MarkObjects: 4.071200 ms  DeleteObjects: 0.265500 ms)

AssetImportWorkerClient::OnTransportError - code=2 error=End of file
